[2025-11-12T23:15:34.501+0000] {taskinstance.py:1957} INFO - Dependencies all met for dep_context=non-requeueable deps ti=<TaskInstance: pipeline-ecommerce-bq-dbt.create_raw_table_olist_order_payments_dataset manual__2025-11-12T23:15:31.897304+00:00 [queued]>
[2025-11-12T23:15:34.508+0000] {taskinstance.py:1957} INFO - Dependencies all met for dep_context=requeueable deps ti=<TaskInstance: pipeline-ecommerce-bq-dbt.create_raw_table_olist_order_payments_dataset manual__2025-11-12T23:15:31.897304+00:00 [queued]>
[2025-11-12T23:15:34.509+0000] {taskinstance.py:2171} INFO - Starting attempt 1 of 1
[2025-11-12T23:15:34.527+0000] {taskinstance.py:2192} INFO - Executing <Task(BigQueryExecuteQueryOperator): create_raw_table_olist_order_payments_dataset> on 2025-11-12 23:15:31.897304+00:00
[2025-11-12T23:15:34.545+0000] {standard_task_runner.py:60} INFO - Started process 529 to run task
[2025-11-12T23:15:34.550+0000] {standard_task_runner.py:87} INFO - Running: ['***', 'tasks', 'run', 'pipeline-ecommerce-bq-dbt', 'create_raw_table_olist_order_payments_dataset', 'manual__2025-11-12T23:15:31.897304+00:00', '--job-id', '5', '--raw', '--subdir', 'DAGS_FOLDER/pipeline-ecommerce-bq-dbt.py', '--cfg-path', '/tmp/tmppdwao2zk']
[2025-11-12T23:15:34.556+0000] {standard_task_runner.py:88} INFO - Job 5: Subtask create_raw_table_olist_order_payments_dataset
[2025-11-12T23:15:34.608+0000] {task_command.py:423} INFO - Running <TaskInstance: pipeline-ecommerce-bq-dbt.create_raw_table_olist_order_payments_dataset manual__2025-11-12T23:15:31.897304+00:00 [running]> on host f458fb989ff6
[2025-11-12T23:15:34.683+0000] {taskinstance.py:2481} INFO - Exporting env vars: AIRFLOW_CTX_DAG_OWNER='***' AIRFLOW_CTX_DAG_ID='pipeline-ecommerce-bq-dbt' AIRFLOW_CTX_TASK_ID='create_raw_table_olist_order_payments_dataset' AIRFLOW_CTX_EXECUTION_DATE='2025-11-12T23:15:31.897304+00:00' AIRFLOW_CTX_TRY_NUMBER='1' AIRFLOW_CTX_DAG_RUN_ID='manual__2025-11-12T23:15:31.897304+00:00'
[2025-11-12T23:15:34.685+0000] {bigquery.py:1245} INFO - Executing: 
            LOAD DATA OVERWRITE ecommerce_raw.olist_order_payments_dataset
            FROM FILES (
            format = 'CSV',
            uris = ['gs://ecommerce_data_staging/olist_order_payments_dataset.csv']);
        
[2025-11-12T23:15:34.686+0000] {crypto.py:82} WARNING - empty cryptography key - values will not be stored encrypted.
[2025-11-12T23:15:34.687+0000] {connection.py:234} WARNING - Connection schemes (type: google_cloud_platform) shall not contain '_' according to RFC3986.
[2025-11-12T23:15:34.688+0000] {base.py:83} INFO - Using connection ID 'google_cloud_default' for task execution.
[2025-11-12T23:15:34.689+0000] {warnings.py:109} WARNING - /home/***/.local/lib/python3.8/site-packages/***/providers/google/cloud/hooks/bigquery.py:2109: AirflowProviderDeprecationWarning: This method is deprecated. Please use `BigQueryHook.insert_job` method.
  warnings.warn(

[2025-11-12T23:15:34.692+0000] {taskinstance.py:2699} ERROR - Task failed with exception
Traceback (most recent call last):
  File "/home/airflow/.local/lib/python3.8/site-packages/airflow/models/taskinstance.py", line 433, in _execute_task
    result = execute_callable(context=context, **execute_callable_kwargs)
  File "/home/airflow/.local/lib/python3.8/site-packages/airflow/providers/google/cloud/operators/bigquery.py", line 1253, in execute
    self.job_id = self.hook.run_query(
  File "/home/airflow/.local/lib/python3.8/site-packages/airflow/providers/google/cloud/hooks/bigquery.py", line 2113, in run_query
    if not self.project_id:
  File "/home/airflow/.local/lib/python3.8/site-packages/airflow/providers/google/common/hooks/base_google.py", line 361, in project_id
    _, project_id = self.get_credentials_and_project_id()
  File "/home/airflow/.local/lib/python3.8/site-packages/airflow/providers/google/common/hooks/base_google.py", line 273, in get_credentials_and_project_id
    credentials, project_id = get_credentials_and_project_id(
  File "/home/airflow/.local/lib/python3.8/site-packages/airflow/providers/google/cloud/utils/credentials_provider.py", line 362, in get_credentials_and_project_id
    return _CredentialProvider(*args, **kwargs).get_credentials_and_project()
  File "/home/airflow/.local/lib/python3.8/site-packages/airflow/providers/google/cloud/utils/credentials_provider.py", line 235, in get_credentials_and_project
    credentials, project_id = self._get_credentials_using_key_path()
  File "/home/airflow/.local/lib/python3.8/site-packages/airflow/providers/google/cloud/utils/credentials_provider.py", line 286, in _get_credentials_using_key_path
    credentials = google.oauth2.service_account.Credentials.from_service_account_file(
  File "/home/airflow/.local/lib/python3.8/site-packages/google/oauth2/service_account.py", line 257, in from_service_account_file
    info, signer = _service_account_info.from_filename(
  File "/home/airflow/.local/lib/python3.8/site-packages/google/auth/_service_account_info.py", line 79, in from_filename
    data = json.load(json_file)
  File "/usr/local/lib/python3.8/json/__init__.py", line 293, in load
    return loads(fp.read(),
  File "/usr/local/lib/python3.8/json/__init__.py", line 357, in loads
    return _default_decoder.decode(s)
  File "/usr/local/lib/python3.8/json/decoder.py", line 337, in decode
    obj, end = self.raw_decode(s, idx=_w(s, 0).end())
  File "/usr/local/lib/python3.8/json/decoder.py", line 355, in raw_decode
    raise JSONDecodeError("Expecting value", s, err.value) from None
json.decoder.JSONDecodeError: Expecting value: line 1 column 1 (char 0)
[2025-11-12T23:15:34.699+0000] {taskinstance.py:1138} INFO - Marking task as FAILED. dag_id=pipeline-ecommerce-bq-dbt, task_id=create_raw_table_olist_order_payments_dataset, execution_date=20251112T231531, start_date=20251112T231534, end_date=20251112T231534
[2025-11-12T23:15:34.715+0000] {standard_task_runner.py:107} ERROR - Failed to execute job 5 for task create_raw_table_olist_order_payments_dataset (Expecting value: line 1 column 1 (char 0); 529)
[2025-11-12T23:15:34.729+0000] {local_task_job_runner.py:234} INFO - Task exited with return code 1
[2025-11-12T23:15:34.762+0000] {taskinstance.py:3281} INFO - 0 downstream tasks scheduled from follow-on schedule check
